Arguments: 
  /home/lukasz/.nvm/versions/node/v16.14.0/bin/node /usr/share/yarn/bin/yarn.js watch

PATH: 
  /home/lukasz/Downloads/google-cloud-sdk/bin:/home/lukasz/.gvm/bin:/home/lukasz/.zplug/bin:/home/lukasz/.nvm/versions/node/v16.14.0/bin:/home/lukasz/.local/bin:/home/lukasz/bin:/usr/local/sbin:/usr/local/bin:/usr/sbin:/usr/bin:/sbin:/bin:/usr/games:/usr/local/games:/snap/bin:/home/lukasz/.fzf/bin:/home/lukasz/go/bin:/home/lukasz/go/packages/bin:/home/lukasz/.gem/ruby/2.7.0/bin:/home/lukasz/Android/Sdk/emulator:/home/lukasz/Android/Sdk/tools:/home/lukasz/Android/Sdk/tools/bin:/home/lukasz/Android/Sdk/platform-tools:/home/lukasz/.yarn/bin

Yarn version: 
  1.22.5

Node version: 
  16.14.0

Platform: 
  linux x64

Trace: 
  SyntaxError: /media/projects/aravinthraaj/setup-mock/packages/business-logic/package.json: Unexpected string in JSON at position 200
      at JSON.parse (<anonymous>)
      at /usr/share/yarn/lib/cli.js:1625:59
      at Generator.next (<anonymous>)
      at step (/usr/share/yarn/lib/cli.js:310:30)
      at /usr/share/yarn/lib/cli.js:321:13

npm manifest: 
  {
    "name": "@setup-mock/business-logic",
    "private": true,
    "version": "0.1.0",
    "scripts": {
      "clean": "rm -rf /dist > /dev/null",
      "build": "tsc src/*.ts --outDir dist/ --declaration"
      "watch": "yarn build --watch"
    },
    "devDependencies": {
      "typescript": "^4.8.4"
    }
  }

yarn manifest: 
  No manifest

Lockfile: 
  # THIS IS AN AUTOGENERATED FILE. DO NOT EDIT THIS FILE DIRECTLY.
  # yarn lockfile v1
  
  
  typescript@^4.8.4:
    version "4.8.4"
    resolved "https://registry.yarnpkg.com/typescript/-/typescript-4.8.4.tgz#c464abca159669597be5f96b8943500b238e60e6"
    integrity sha512-QCh+85mCy+h0IGff8r5XWzOVSbBO+KfeYrMQh7NJ58QujwcE22u+NUSmUxqF+un70P9GXKxa2HCNiTTMJknyjQ==
